<?xml version="1.0" encoding="UTF-8"?>
<!-- Generated by org.testng.reporters.JUnitXMLReporter -->
<testsuite ignored="0" hostname="user" failures="0" tests="3" name="Default test" time="31.342" errors="0" timestamp="2024-05-09T14:56:27 IST">
  <testcase classname="testpkg.Saucedemologintest" name="logintest" time="7.657"/>
  <testcase classname="testpkg.Saucedemologintest" name="addtocart" time="0.788"/>
  <testcase classname="testpkg.Saucedemologintest" name="othermethods" time="11.589"/>
</testsuite> <!-- Default test -->
