<?xml version="1.0" encoding="UTF-8"?>
<testng-results ignored="0" total="3" passed="3" failed="0" skipped="0">
  <reporter-output>
  </reporter-output>
  <suite started-at="2024-05-09T14:55:56 IST" name="Default suite" finished-at="2024-05-09T14:56:27 IST" duration-ms="31342">
    <groups>
    </groups>
    <test started-at="2024-05-09T14:55:56 IST" name="Default test" finished-at="2024-05-09T14:56:27 IST" duration-ms="31342">
      <class name="testpkg.Saucedemologintest">
        <test-method is-config="true" signature="setup()[pri:0, instance:testpkg.Saucedemologintest@3e11f9e9]" started-at="2024-05-09T14:55:56 IST" name="setup" finished-at="2024-05-09T14:56:07 IST" duration-ms="11232" status="PASS">
          <reporter-output>
          </reporter-output>
        </test-method> <!-- setup -->
        <test-method signature="logintest()[pri:1, instance:testpkg.Saucedemologintest@3e11f9e9]" started-at="2024-05-09T14:56:07 IST" name="logintest" finished-at="2024-05-09T14:56:15 IST" duration-ms="7657" status="PASS">
          <reporter-output>
          </reporter-output>
        </test-method> <!-- logintest -->
        <test-method signature="addtocart()[pri:2, instance:testpkg.Saucedemologintest@3e11f9e9]" started-at="2024-05-09T14:56:15 IST" name="addtocart" finished-at="2024-05-09T14:56:15 IST" duration-ms="788" status="PASS">
          <reporter-output>
          </reporter-output>
        </test-method> <!-- addtocart -->
        <test-method signature="othermethods()[pri:3, instance:testpkg.Saucedemologintest@3e11f9e9]" started-at="2024-05-09T14:56:15 IST" name="othermethods" finished-at="2024-05-09T14:56:27 IST" duration-ms="11589" status="PASS">
          <reporter-output>
          </reporter-output>
        </test-method> <!-- othermethods -->
      </class> <!-- testpkg.Saucedemologintest -->
    </test> <!-- Default test -->
  </suite> <!-- Default suite -->
</testng-results>
